=========================
Fcitx 5.1.9 -- Get Signal No.: 6
Date: try "date -d @1716720779" if you are using GNU date ***
ProcessID: 29160
fcitx5(+0xe26c)[0x60526820826c]
/usr/lib/libc.so.6(+0x3cae0)[0x76ba70050ae0]
/usr/lib/libc.so.6(+0x94e44)[0x76ba700a8e44]
/usr/lib/libc.so.6(gsignal+0x20)[0x76ba70050a30]
/usr/lib/libc.so.6(abort+0xdf)[0x76ba700384c3]
/usr/lib/libstdc++.so.6(_ZNSt6chrono3_V212system_clock3nowEv+0x0)[0x76ba702d2d60]
/usr/lib/fcitx5/libwaylandim.so(+0x25029)[0x76ba6e766029]
/usr/lib/fcitx5/libwaylandim.so(+0x3302f)[0x76ba6e77402f]
/usr/lib/libffi.so.8(+0x7596)[0x76ba704a4596]
/usr/lib/libffi.so.8(+0x400e)[0x76ba704a100e]
/usr/lib/libffi.so.8(ffi_call+0x123)[0x76ba704a3bd3]
/usr/lib/libwayland-client.so.0(+0x7645)[0x76ba704af645]
/usr/lib/libwayland-client.so.0(+0x7e73)[0x76ba704afe73]
/usr/lib/libwayland-client.so.0(wl_display_dispatch_queue_pending+0x7c)[0x76ba704b013c]
/usr/lib/fcitx5/libwayland.so(+0x1e5ca)[0x76ba6fce35ca]
/usr/lib/libFcitx5Utils.so.2(+0x382af)[0x76ba707322af]
/usr/lib/libFcitx5Utils.so.2(+0x2fc11)[0x76ba70729c11]
/usr/lib/libsystemd.so.0(+0x8459a)[0x76ba705d359a]
/usr/lib/libsystemd.so.0(sd_event_dispatch+0x13b)[0x76ba705d390b]
/usr/lib/libsystemd.so.0(sd_event_run+0x119)[0x76ba705d5f29]
/usr/lib/libsystemd.so.0(sd_event_loop+0x68)[0x76ba705d6108]
/usr/lib/libFcitx5Utils.so.2(_ZN5fcitx9EventLoop4execEv+0x16)[0x76ba70728166]
/usr/lib/libFcitx5Core.so.7(_ZN5fcitx8Instance4execEv+0x5c)[0x76ba707fe58c]
fcitx5(+0xc660)[0x605268206660]
/usr/lib/libc.so.6(+0x25c88)[0x76ba70039c88]
/usr/lib/libc.so.6(__libc_start_main+0x8c)[0x76ba70039d4c]
fcitx5(+0xdaf5)[0x605268207af5]
